<?xml version="1.0" encoding="UTF-8"?>
<!-- Generated by org.testng.reporters.JUnitReportReporter -->
<testsuite hostname="DESKTOP-EV7GFU4" failures="0" tests="1" name="package1.Class1" time="36.951" errors="0" timestamp="2022-03-11T17:31:20 IST" skipped="0">
  <testcase classname="package1.Class1" name="method" time="36.951"/>
  <system-out/>
</testsuite> <!-- package1.Class1 -->
