<?xml version="1.0" encoding="UTF-8"?>
<!-- Generated by org.testng.reporters.JUnitReportReporter -->
<testsuite hostname="DESKTOP-EV7GFU4" failures="0" tests="1" name="package1.class2" time="23.201" errors="0" timestamp="2022-03-11T17:31:20 IST" skipped="0">
  <testcase classname="package1.class2" name="m1" time="23.201"/>
  <system-out/>
</testsuite> <!-- package1.class2 -->
