<?xml version="1.0" encoding="UTF-8"?>
<!-- Generated by org.testng.reporters.JUnitReportReporter -->
<testsuite skipped="0" hostname="DESKTOP-EV7GFU4" name="package1.Class3" tests="1" failures="0" timestamp="2022-03-11T11:21:43 IST" time="13.291" errors="0">
  <testcase name="m2" time="13.291" classname="package1.Class3"/>
  <system-out/>
</testsuite> <!-- package1.Class3 -->
